[INFO] Scanning for projects...
[INFO] 
[INFO] ----------------------< gg.steve.mc.ap:ArmorPlus >----------------------
[INFO] Building ArmorPlus v2.3.6
[INFO]   from pom.xml
[INFO] --------------------------------[ jar ]---------------------------------
[INFO] 
[INFO] --- clean:3.2.0:clean (default-clean) @ ArmorPlus ---
[INFO] 
[INFO] --- enforcer:3.5.0:enforce (enforce-build-jdk) @ ArmorPlus ---
[INFO] Rule 0: org.apache.maven.enforcer.rules.version.RequireJavaVersion passed
[INFO] 
[INFO] --- jacoco:0.8.15:prepare-agent (prepare-agent) @ ArmorPlus ---
[INFO] argLine set to -javaagent:/Users/goodhill/.m2/repository/org/jacoco/org.jacoco.agent/0.8.15/org.jacoco.agent-0.8.15-runtime.jar=destfile=/Users/goodhill/.no-mistakes/worktrees/694674b8f9a9/01KX4HQBF37N8Y0RF9J8QPKDHZ/target/jacoco.exec,excludes=**/nbt/**:**/ArmorPlus.class
[INFO] 
[INFO] --- resources:3.4.0:resources (default-resources) @ ArmorPlus ---
[INFO] Copying 20 resources from src/main/resources to target/classes
[INFO] 
[INFO] --- compiler:3.14.0:compile (default-compile) @ ArmorPlus ---
[INFO] Recompiling the module because of changed source code.
[INFO] Compiling 124 source files with javac [debug release 8] to target/classes
WARNING: A terminally deprecated method in sun.misc.Unsafe has been called
WARNING: sun.misc.Unsafe::objectFieldOffset has been called by lombok.permit.Permit
WARNING: Please consider reporting this to the maintainers of class lombok.permit.Permit
WARNING: sun.misc.Unsafe::objectFieldOffset will be removed in a future release
[WARNING] source value 8 is obsolete and will be removed in a future release
[WARNING] target value 8 is obsolete and will be removed in a future release
[WARNING] To suppress warnings about obsolete options, use -Xlint:-options.
[INFO] /Users/goodhill/.no-mistakes/worktrees/694674b8f9a9/01KX4HQBF37N8Y0RF9J8QPKDHZ/src/main/java/gg/steve/mc/ap/data/BasicSetData.java: Some input files use or override a deprecated API.
[INFO] /Users/goodhill/.no-mistakes/worktrees/694674b8f9a9/01KX4HQBF37N8Y0RF9J8QPKDHZ/src/main/java/gg/steve/mc/ap/data/BasicSetData.java: Recompile with -Xlint:deprecation for details.
[INFO] 
[INFO] --- resources:3.4.0:testResources (default-testResources) @ ArmorPlus ---
[INFO] skip non existing resourceDirectory /Users/goodhill/.no-mistakes/worktrees/694674b8f9a9/01KX4HQBF37N8Y0RF9J8QPKDHZ/src/test/resources
[INFO] 
[INFO] --- compiler:3.14.0:testCompile (default-testCompile) @ ArmorPlus ---
[INFO] Recompiling the module because of changed dependency.
[INFO] Compiling 32 source files with javac [debug release 17] to target/test-classes
[INFO] /Users/goodhill/.no-mistakes/worktrees/694674b8f9a9/01KX4HQBF37N8Y0RF9J8QPKDHZ/src/test/java/gg/steve/mc/ap/data/BasicSetDataTest.java: Some input files use or override a deprecated API.
[INFO] /Users/goodhill/.no-mistakes/worktrees/694674b8f9a9/01KX4HQBF37N8Y0RF9J8QPKDHZ/src/test/java/gg/steve/mc/ap/data/BasicSetDataTest.java: Recompile with -Xlint:deprecation for details.
[INFO] 
[INFO] --- surefire:3.5.6:test (default-test) @ ArmorPlus ---
[INFO] Using auto detected provider org.apache.maven.surefire.junitplatform.JUnitPlatformProvider
[INFO] 
[INFO] -------------------------------------------------------
[INFO]  T E S T S
[INFO] -------------------------------------------------------
[INFO] Running gg.steve.mc.ap.message.MessageTypeTest
Mockito is currently self-attaching to enable the inline-mock-maker. This will no longer work in future releases of the JDK. Please add Mockito as an agent to your build as described in Mockito's documentation: https://javadoc.io/doc/org.mockito/mockito-core/latest/org.mockito/org/mockito/Mockito.html#0.3
OpenJDK 64-Bit Server VM warning: Sharing is only supported for boot loader classes because bootstrap classpath has been appended
WARNING: A Java agent has been loaded dynamically (/Users/goodhill/.m2/repository/net/bytebuddy/byte-buddy-agent/1.17.7/byte-buddy-agent-1.17.7.jar)
WARNING: If a serviceability tool is in use, please run with -XX:+EnableDynamicAgentLoading to hide this warning
WARNING: If a serviceability tool is not in use, please run with -Djdk.instrument.traceUsage for more information
WARNING: Dynamic loading of agents will be disallowed by default in a future release
[INFO] Tests run: 7, Failures: 0, Errors: 0, Skipped: 0, Time elapsed: 1.151 s -- in gg.steve.mc.ap.message.MessageTypeTest
[INFO] Running gg.steve.mc.ap.message.CommandDebugTest
[INFO] Tests run: 3, Failures: 0, Errors: 0, Skipped: 0, Time elapsed: 0.010 s -- in gg.steve.mc.ap.message.CommandDebugTest
[INFO] Running gg.steve.mc.ap.utils.PlayerDirectionUtilTest
[INFO] Tests run: 31, Failures: 0, Errors: 0, Skipped: 0, Time elapsed: 0.105 s -- in gg.steve.mc.ap.utils.PlayerDirectionUtilTest
[INFO] Running gg.steve.mc.ap.utils.ColorUtilTest
[INFO] Tests run: 7, Failures: 0, Errors: 0, Skipped: 0, Time elapsed: 0.005 s -- in gg.steve.mc.ap.utils.ColorUtilTest
[INFO] Running gg.steve.mc.ap.armor.SetTypeTest
[INFO] Tests run: 1, Failures: 0, Errors: 0, Skipped: 0, Time elapsed: 0.001 s -- in gg.steve.mc.ap.armor.SetTypeTest
[INFO] Running gg.steve.mc.ap.armor.PieceTest
[INFO] Tests run: 2, Failures: 0, Errors: 0, Skipped: 0, Time elapsed: 0.003 s -- in gg.steve.mc.ap.armor.PieceTest
[INFO] Running gg.steve.mc.ap.armor.SetIsWearingTest
[INFO] Tests run: 9, Failures: 0, Errors: 0, Skipped: 0, Time elapsed: 0.372 s -- in gg.steve.mc.ap.armor.SetIsWearingTest
[INFO] Running gg.steve.mc.ap.armor.SetStatusEffectsManagerTest
[INFO] Tests run: 6, Failures: 0, Errors: 0, Skipped: 0, Time elapsed: 0.008 s -- in gg.steve.mc.ap.armor.SetStatusEffectsManagerTest
[INFO] Running gg.steve.mc.ap.model.combat.CombatDamageModificationTest
[INFO] Tests run: 2, Failures: 0, Errors: 0, Skipped: 0, Time elapsed: 0.002 s -- in gg.steve.mc.ap.model.combat.CombatDamageModificationTest
[INFO] Running gg.steve.mc.ap.model.combat.CombatDamageContextTest
[INFO] Tests run: 2, Failures: 0, Errors: 0, Skipped: 0, Time elapsed: 0.009 s -- in gg.steve.mc.ap.model.combat.CombatDamageContextTest
[INFO] Running gg.steve.mc.ap.model.notification.ArmorSetNotificationTest
[INFO] Tests run: 7, Failures: 0, Errors: 0, Skipped: 0, Time elapsed: 0.005 s -- in gg.steve.mc.ap.model.notification.ArmorSetNotificationTest
[INFO] Running gg.steve.mc.ap.model.effect.NotificationSoundTest
[INFO] Tests run: 2, Failures: 0, Errors: 0, Skipped: 0, Time elapsed: 0.002 s -- in gg.steve.mc.ap.model.effect.NotificationSoundTest
[INFO] Running gg.steve.mc.ap.model.effect.PotionEffectTest
[INFO] Tests run: 2, Failures: 0, Errors: 0, Skipped: 0, Time elapsed: 0.002 s -- in gg.steve.mc.ap.model.effect.PotionEffectTest
[INFO] Running gg.steve.mc.ap.model.ability.ArmorSetAbilityTypeTest
[INFO] Tests run: 2, Failures: 0, Errors: 0, Skipped: 0, Time elapsed: 0.002 s -- in gg.steve.mc.ap.model.ability.ArmorSetAbilityTypeTest
[INFO] Running gg.steve.mc.ap.model.ability.ArmorHandItemTest
[INFO] Tests run: 14, Failures: 0, Errors: 0, Skipped: 0, Time elapsed: 0.017 s -- in gg.steve.mc.ap.model.ability.ArmorHandItemTest
[INFO] Running gg.steve.mc.ap.model.ability.ArmorSetBasicStatsTest
[INFO] Tests run: 3, Failures: 0, Errors: 0, Skipped: 0, Time elapsed: 0.003 s -- in gg.steve.mc.ap.model.ability.ArmorSetBasicStatsTest
[INFO] Running gg.steve.mc.ap.model.id.TypedStringTest
[INFO] Tests run: 8, Failures: 0, Errors: 0, Skipped: 0, Time elapsed: 0.012 s -- in gg.steve.mc.ap.model.id.TypedStringTest
[INFO] Running gg.steve.mc.ap.model.id.StringIdTest
[INFO] Tests run: 1, Failures: 0, Errors: 0, Skipped: 0, Time elapsed: 0.001 s -- in gg.steve.mc.ap.model.id.StringIdTest
[INFO] Running gg.steve.mc.ap.model.id.PlayerIdTest
[INFO] Tests run: 4, Failures: 0, Errors: 0, Skipped: 0, Time elapsed: 0.002 s -- in gg.steve.mc.ap.model.id.PlayerIdTest
[INFO] Running gg.steve.mc.ap.model.id.SoundIdTest
[INFO] Tests run: 4, Failures: 0, Errors: 0, Skipped: 0, Time elapsed: 0.003 s -- in gg.steve.mc.ap.model.id.SoundIdTest
[INFO] Running gg.steve.mc.ap.model.id.PotionEffectIdTest
[INFO] Tests run: 4, Failures: 0, Errors: 0, Skipped: 0, Time elapsed: 0.002 s -- in gg.steve.mc.ap.model.id.PotionEffectIdTest
[INFO] Running gg.steve.mc.ap.model.id.DamageCauseIdTest
[INFO] Tests run: 4, Failures: 0, Errors: 0, Skipped: 0, Time elapsed: 0.002 s -- in gg.steve.mc.ap.model.id.DamageCauseIdTest
[INFO] Running gg.steve.mc.ap.model.id.ArmorSetIdTest
[INFO] Tests run: 4, Failures: 0, Errors: 0, Skipped: 0, Time elapsed: 0.004 s -- in gg.steve.mc.ap.model.id.ArmorSetIdTest
[INFO] Running gg.steve.mc.ap.model.set.ArmorPieceSlotTest
[INFO] Tests run: 3, Failures: 0, Errors: 0, Skipped: 0, Time elapsed: 0.003 s -- in gg.steve.mc.ap.model.set.ArmorPieceSlotTest
[INFO] Running gg.steve.mc.ap.model.set.ArmorSetPurchaseResultTest
[INFO] Tests run: 2, Failures: 0, Errors: 0, Skipped: 0, Time elapsed: 0.001 s -- in gg.steve.mc.ap.model.set.ArmorSetPurchaseResultTest
[INFO] Running gg.steve.mc.ap.model.player.ArmorSetWearerTest
[INFO] Tests run: 2, Failures: 0, Errors: 0, Skipped: 0, Time elapsed: 0.001 s -- in gg.steve.mc.ap.model.player.ArmorSetWearerTest
[INFO] Running gg.steve.mc.ap.data.SetDataTypeTest
[INFO] Tests run: 2, Failures: 0, Errors: 0, Skipped: 0, Time elapsed: 0.001 s -- in gg.steve.mc.ap.data.SetDataTypeTest
[INFO] Running gg.steve.mc.ap.data.types.HandSetDataTest
[INFO] Tests run: 15, Failures: 0, Errors: 0, Skipped: 0, Time elapsed: 0.067 s -- in gg.steve.mc.ap.data.types.HandSetDataTest
[INFO] Running gg.steve.mc.ap.data.types.ExperienceSetDataTest
[INFO] Tests run: 6, Failures: 0, Errors: 0, Skipped: 0, Time elapsed: 0.024 s -- in gg.steve.mc.ap.data.types.ExperienceSetDataTest
[INFO] Running gg.steve.mc.ap.data.BasicSetDataTest
[INFO] Tests run: 12, Failures: 0, Errors: 0, Skipped: 0, Time elapsed: 0.092 s -- in gg.steve.mc.ap.data.BasicSetDataTest
[INFO] Running gg.steve.mc.ap.data.utils.WarpUtilTest
[INFO] Tests run: 5, Failures: 0, Errors: 0, Skipped: 0, Time elapsed: 0.143 s -- in gg.steve.mc.ap.data.utils.WarpUtilTest
[INFO] Running gg.steve.mc.ap.player.SetPlayerManagerTest
[INFO] Tests run: 9, Failures: 0, Errors: 0, Skipped: 0, Time elapsed: 0.037 s -- in gg.steve.mc.ap.player.SetPlayerManagerTest
[INFO] 
[INFO] Results:
[INFO] 
[INFO] Tests run: 185, Failures: 0, Errors: 0, Skipped: 0
[INFO] 
[INFO] 
[INFO] --- jar:3.5.0:jar (default-jar) @ ArmorPlus ---
[INFO] Building jar: /Users/goodhill/.no-mistakes/worktrees/694674b8f9a9/01KX4HQBF37N8Y0RF9J8QPKDHZ/target/ArmorPlus-v2.3.6.jar
[INFO] 
[INFO] --- shade:3.1.0:shade (default) @ ArmorPlus ---
[INFO] Including de.tr7zw:functional-annotations:jar:0.1-SNAPSHOT in the shaded jar.
[INFO] Including org.bstats:bstats-bukkit:jar:1.7 in the shaded jar.
[INFO] Including org.apache.commons:commons-lang3:jar:3.17.0 in the shaded jar.
[INFO] Replacing original artifact with shaded artifact.
[INFO] Replacing /Users/goodhill/.no-mistakes/worktrees/694674b8f9a9/01KX4HQBF37N8Y0RF9J8QPKDHZ/target/ArmorPlus-v2.3.6.jar with /Users/goodhill/.no-mistakes/worktrees/694674b8f9a9/01KX4HQBF37N8Y0RF9J8QPKDHZ/target/ArmorPlus-v2.3.6-shaded.jar
[INFO] 
[INFO] --- jacoco:0.8.15:report (report) @ ArmorPlus ---
[INFO] Loading execution data file /Users/goodhill/.no-mistakes/worktrees/694674b8f9a9/01KX4HQBF37N8Y0RF9J8QPKDHZ/target/jacoco.exec
[INFO] Analyzed bundle 'ArmorPlus' with 73 classes
[INFO] 
[INFO] --- jacoco:0.8.15:check (check-core) @ ArmorPlus ---
[INFO] Loading execution data file /Users/goodhill/.no-mistakes/worktrees/694674b8f9a9/01KX4HQBF37N8Y0RF9J8QPKDHZ/target/jacoco.exec
[INFO] Analyzed bundle 'ArmorPlus' with 73 classes
[INFO] All coverage checks have been met.
[INFO] ------------------------------------------------------------------------
[INFO] BUILD SUCCESS
[INFO] ------------------------------------------------------------------------
[INFO] Total time:  6.880 s
[INFO] Finished at: 2026-07-10T09:06:26+10:00
[INFO] ------------------------------------------------------------------------
